Determining if the pthread_create exist failed with the following output:
Change Dir: /home/ubuntu/Desktop/C++/CgLab3/CMakeFiles/CMakeTmp

Run Build Command:"/usr/bin/make" "cmTC_88bfc/fast"
/usr/bin/make -f CMakeFiles/cmTC_88bfc.dir/build.make CMakeFiles/cmTC_88bfc.dir/build
make[1]: Entering directory '/home/ubuntu/Desktop/C++/CgLab3/CMakeFiles/CMakeTmp'
Building C object CMakeFiles/cmTC_88bfc.dir/CheckSymbolExists.c.o
/usr/bin/cc     -o CMakeFiles/cmTC_88bfc.dir/CheckSymbolExists.c.o   -c /home/ubuntu/Desktop/C++/CgLab3/CMakeFiles/CMakeTmp/CheckSymbolExists.c
Linking C executable cmTC_88bfc
/usr/bin/cmake -E cmake_link_script CMakeFiles/cmTC_88bfc.dir/link.txt --verbose=1
/usr/bin/cc       CMakeFiles/cmTC_88bfc.dir/CheckSymbolExists.c.o  -o cmTC_88bfc -rdynamic 
CMakeFiles/cmTC_88bfc.dir/CheckSymbolExists.c.o: In function `main':
CheckSymbolExists.c:(.text+0x16): undefined reference to `pthread_create'
collect2: error: ld returned 1 exit status
CMakeFiles/cmTC_88bfc.dir/build.make:97: recipe for target 'cmTC_88bfc' failed
make[1]: *** [cmTC_88bfc] Error 1
make[1]: Leaving directory '/home/ubuntu/Desktop/C++/CgLab3/CMakeFiles/CMakeTmp'
Makefile:126: recipe for target 'cmTC_88bfc/fast' failed
make: *** [cmTC_88bfc/fast] Error 2

File /home/ubuntu/Desktop/C++/CgLab3/CMakeFiles/CMakeTmp/CheckSymbolExists.c:
/* */
#include <pthread.h>

int main(int argc, char** argv)
{
  (void)argv;
#ifndef pthread_create
  return ((int*)(&pthread_create))[argc];
#else
  (void)argc;
  return 0;
#endif
}

Determining if the function pthread_create exists in the pthreads failed with the following output:
Change Dir: /home/ubuntu/Desktop/C++/CgLab3/CMakeFiles/CMakeTmp

Run Build Command:"/usr/bin/make" "cmTC_c0f1d/fast"
/usr/bin/make -f CMakeFiles/cmTC_c0f1d.dir/build.make CMakeFiles/cmTC_c0f1d.dir/build
make[1]: Entering directory '/home/ubuntu/Desktop/C++/CgLab3/CMakeFiles/CMakeTmp'
Building C object CMakeFiles/cmTC_c0f1d.dir/CheckFunctionExists.c.o
/usr/bin/cc    -DCHECK_FUNCTION_EXISTS=pthread_create   -o CMakeFiles/cmTC_c0f1d.dir/CheckFunctionExists.c.o   -c /usr/share/cmake-3.5/Modules/CheckFunctionExists.c
Linking C executable cmTC_c0f1d
/usr/bin/cmake -E cmake_link_script CMakeFiles/cmTC_c0f1d.dir/link.txt --verbose=1
/usr/bin/cc   -DCHECK_FUNCTION_EXISTS=pthread_create    CMakeFiles/cmTC_c0f1d.dir/CheckFunctionExists.c.o  -o cmTC_c0f1d -rdynamic -lpthreads 
/usr/bin/ld: cannot find -lpthreads
collect2: error: ld returned 1 exit status
CMakeFiles/cmTC_c0f1d.dir/build.make:97: recipe for target 'cmTC_c0f1d' failed
make[1]: *** [cmTC_c0f1d] Error 1
make[1]: Leaving directory '/home/ubuntu/Desktop/C++/CgLab3/CMakeFiles/CMakeTmp'
Makefile:126: recipe for target 'cmTC_c0f1d/fast' failed
make: *** [cmTC_c0f1d/fast] Error 2


