Determining if the pthread_create exist failed with the following output:
Change Dir: /home/ubuntu/Desktop/C++/CgLab2/CMakeFiles/CMakeTmp

Run Build Command:"/usr/bin/make" "cmTC_c0d70/fast"
/usr/bin/make -f CMakeFiles/cmTC_c0d70.dir/build.make CMakeFiles/cmTC_c0d70.dir/build
make[1]: Entering directory '/home/ubuntu/Desktop/C++/CgLab2/CMakeFiles/CMakeTmp'
Building C object CMakeFiles/cmTC_c0d70.dir/CheckSymbolExists.c.o
/usr/bin/cc     -o CMakeFiles/cmTC_c0d70.dir/CheckSymbolExists.c.o   -c /home/ubuntu/Desktop/C++/CgLab2/CMakeFiles/CMakeTmp/CheckSymbolExists.c
Linking C executable cmTC_c0d70
/usr/bin/cmake -E cmake_link_script CMakeFiles/cmTC_c0d70.dir/link.txt --verbose=1
/usr/bin/cc       CMakeFiles/cmTC_c0d70.dir/CheckSymbolExists.c.o  -o cmTC_c0d70 -rdynamic 
CMakeFiles/cmTC_c0d70.dir/CheckSymbolExists.c.o: In function `main':
CheckSymbolExists.c:(.text+0x16): undefined reference to `pthread_create'
collect2: error: ld returned 1 exit status
CMakeFiles/cmTC_c0d70.dir/build.make:97: recipe for target 'cmTC_c0d70' failed
make[1]: *** [cmTC_c0d70] Error 1
make[1]: Leaving directory '/home/ubuntu/Desktop/C++/CgLab2/CMakeFiles/CMakeTmp'
Makefile:126: recipe for target 'cmTC_c0d70/fast' failed
make: *** [cmTC_c0d70/fast] Error 2

File /home/ubuntu/Desktop/C++/CgLab2/CMakeFiles/CMakeTmp/CheckSymbolExists.c:
/* */
#include <pthread.h>

int main(int argc, char** argv)
{
  (void)argv;
#ifndef pthread_create
  return ((int*)(&pthread_create))[argc];
#else
  (void)argc;
  return 0;
#endif
}

Determining if the function pthread_create exists in the pthreads failed with the following output:
Change Dir: /home/ubuntu/Desktop/C++/CgLab2/CMakeFiles/CMakeTmp

Run Build Command:"/usr/bin/make" "cmTC_93797/fast"
/usr/bin/make -f CMakeFiles/cmTC_93797.dir/build.make CMakeFiles/cmTC_93797.dir/build
make[1]: Entering directory '/home/ubuntu/Desktop/C++/CgLab2/CMakeFiles/CMakeTmp'
Building C object CMakeFiles/cmTC_93797.dir/CheckFunctionExists.c.o
/usr/bin/cc    -DCHECK_FUNCTION_EXISTS=pthread_create   -o CMakeFiles/cmTC_93797.dir/CheckFunctionExists.c.o   -c /usr/share/cmake-3.5/Modules/CheckFunctionExists.c
Linking C executable cmTC_93797
/usr/bin/cmake -E cmake_link_script CMakeFiles/cmTC_93797.dir/link.txt --verbose=1
/usr/bin/cc   -DCHECK_FUNCTION_EXISTS=pthread_create    CMakeFiles/cmTC_93797.dir/CheckFunctionExists.c.o  -o cmTC_93797 -rdynamic -lpthreads 
/usr/bin/ld: cannot find -lpthreads
collect2: error: ld returned 1 exit status
CMakeFiles/cmTC_93797.dir/build.make:97: recipe for target 'cmTC_93797' failed
make[1]: *** [cmTC_93797] Error 1
make[1]: Leaving directory '/home/ubuntu/Desktop/C++/CgLab2/CMakeFiles/CMakeTmp'
Makefile:126: recipe for target 'cmTC_93797/fast' failed
make: *** [cmTC_93797/fast] Error 2


